<?xml version="1.0" encoding="UTF-8"?>
<!-- Generated by org.testng.reporters.JUnitReportReporter -->
<testsuite hostname="DESKTOP-UU8S39J" failures="0" tests="2" name="testcases.LoginTest" time="10.140" errors="0" timestamp="2024-01-30T21:16:37 IST" skipped="0">
  <testcase classname="testcases.LoginTest" name="loginToApplication" time="5.110"/>
  <system-out/>
  <testcase classname="testcases.LoginTest" name="loginToApplication" time="5.030"/>
  <system-out/>
</testsuite> <!-- testcases.LoginTest -->
